#
# There is insufficient memory for the Java Runtime Environment to continue.
# Native memory allocation (mmap) failed to map 198180864 bytes for committing reserved memory.
# Possible reasons:
#   The system is out of physical RAM or swap space
#   In 32 bit mode, the process size limit was hit
# Possible solutions:
#   Reduce memory load on the system
#   Increase physical memory or swap space
#   Check if swap backing store is full
#   Use 64 bit Java on a 64 bit OS
#   Decrease Java heap size (-Xmx/-Xms)
#   Decrease number of Java threads
#   Decrease Java thread stack sizes (-Xss)
#   Set larger code cache with -XX:ReservedCodeCacheSize=
# This output file may be truncated or incomplete.
#
#  Out of Memory Error (os_linux.cpp:2627), pid=10206, tid=0x00007f61aaf5f700
#
# JRE version: Java(TM) SE Runtime Environment (8.0_101-b13) (build 1.8.0_101-b13)
# Java VM: Java HotSpot(TM) 64-Bit Server VM (25.101-b13 mixed mode linux-amd64 compressed oops)
# Failed to write core dump. Core dumps have been disabled. To enable core dumping, try "ulimit -c unlimited" before starting Java again
#

---------------  T H R E A D  ---------------

Current thread (0x00007f61bc02c800):  GCTaskThread [stack: 0x00007f61aae5f000,0x00007f61aaf60000] [id=10215]

Stack: [0x00007f61aae5f000,0x00007f61aaf60000],  sp=0x00007f61aaf5e570,  free space=1021k
Native frames: (J=compiled Java code, j=interpreted, Vv=VM code, C=native code)
V  [libjvm.so+0xac3f0a]  VMError::report_and_die()+0x2ba
V  [libjvm.so+0x4fbf9b]  report_vm_out_of_memory(char const*, int, unsigned long, VMErrorType, char const*)+0x8b
V  [libjvm.so+0x9222d3]  os::Linux::commit_memory_impl(char*, unsigned long, bool)+0x103
V  [libjvm.so+0x922829]  os::pd_commit_memory(char*, unsigned long, unsigned long, bool)+0x29
V  [libjvm.so+0x91cb2a]  os::commit_memory(char*, unsigned long, unsigned long, bool)+0x2a
V  [libjvm.so+0x991053]  PSVirtualSpace::expand_by(unsigned long)+0x53
V  [libjvm.so+0x981920]  PSOldGen::expand(unsigned long)+0x170
V  [libjvm.so+0x981b6a]  PSOldGen::expand_and_cas_allocate(unsigned long)+0x1a
V  [libjvm.so+0x98caf0]  oopDesc* PSPromotionManager::copy_to_survivor_space<false>(oopDesc*)+0x690
V  [libjvm.so+0x98be28]  PSPromotionManager::drain_stacks_depth(bool)+0x7e8
V  [libjvm.so+0x98fac0]  StealTask::do_it(GCTaskManager*, unsigned int)+0x30
V  [libjvm.so+0x5d6b5f]  GCTaskThread::run()+0x12f
V  [libjvm.so+0x924698]  java_start(Thread*)+0x108


---------------  P R O C E S S  ---------------

Java Threads: ( => current thread )
  0x00007f61bc0db800 JavaThread "Service Thread" daemon [_thread_blocked, id=10232, stack(0x00007f61a45d7000,0x00007f61a46d8000)]
  0x00007f61bc0d8000 JavaThread "C1 CompilerThread2" daemon [_thread_blocked, id=10231, stack(0x00007f61a46d8000,0x00007f61a47d9000)]
  0x00007f61bc0d6000 JavaThread "C2 CompilerThread1" daemon [_thread_blocked, id=10230, stack(0x00007f61a47d9000,0x00007f61a48da000)]
  0x00007f61bc0d3800 JavaThread "C2 CompilerThread0" daemon [_thread_blocked, id=10229, stack(0x00007f61a48da000,0x00007f61a49db000)]
  0x00007f6184001000 JavaThread "JDWP Command Reader" daemon [_thread_in_native, id=10226, stack(0x00007f61a49db000,0x00007f61a4adc000)]
  0x00007f61bc0d1000 JavaThread "JDWP Event Helper Thread" daemon [_thread_blocked, id=10225, stack(0x00007f61a4adc000,0x00007f61a4bdd000)]
  0x00007f61bc0cd800 JavaThread "JDWP Transport Listener: dt_socket" daemon [_thread_blocked, id=10222, stack(0x00007f61a4bdd000,0x00007f61a4cde000)]
  0x00007f61bc0be000 JavaThread "Signal Dispatcher" daemon [_thread_blocked, id=10220, stack(0x00007f61a4ee2000,0x00007f61a4fe3000)]
  0x00007f61bc08c800 JavaThread "Finalizer" daemon [_thread_blocked, id=10219, stack(0x00007f61a4fe3000,0x00007f61a50e4000)]
  0x00007f61bc087800 JavaThread "Reference Handler" daemon [_thread_blocked, id=10218, stack(0x00007f61a50e4000,0x00007f61a51e5000)]
  0x00007f61bc012000 JavaThread "main" [_thread_blocked, id=10211, stack(0x00007f61c2662000,0x00007f61c2763000)]

Other Threads:
  0x00007f61bc080000 VMThread [stack: 0x00007f61a51e5000,0x00007f61a52e6000] [id=10217]
  0x00007f61bc0de800 WatcherThread [stack: 0x00007f61a44d6000,0x00007f61a45d7000] [id=10233]

=>0x00007f61bc02c800 (exited) GCTaskThread [stack: 0x00007f61aae5f000,0x00007f61aaf60000] [id=10215]

VM state:at safepoint (normal execution)

VM Mutex/Monitor currently owned by a thread:  ([mutex/lock_event])
[0x00007f61bc00dfd0] ExpandHeap_lock - owner thread: 0x00007f61bc02c800
[0x00007f61bc00e650] Threads_lock - owner thread: 0x00007f61bc080000
[0x00007f61bc00eb50] Heap_lock - owner thread: 0x00007f61bc012000

Heap:
 PSYoungGen      total 659968K, used 593054K [0x00000000d6f80000, 0x0000000100000000, 0x0000000100000000)
  eden space 650240K, 91% used [0x00000000d6f80000,0x00000000fb2a7a10,0x00000000fea80000)
  from space 9728K, 0% used [0x00000000fea80000,0x00000000fea80000,0x00000000ff400000)
  to   space 9216K, 0% used [0x00000000ff700000,0x00000000ff708000,0x0000000100000000)
 ParOldGen       total 766464K, used 683009K [0x0000000084e00000, 0x00000000b3a80000, 0x00000000d6f80000)
  object space 766464K, 89% used [0x0000000084e00000,0x00000000ae900500,0x00000000b3a80000)
 Metaspace       used 4001K, capacity 5010K, committed 5120K, reserved 1056768K
  class space    used 420K, capacity 457K, committed 512K, reserved 1048576K

Card table byte_map: [0x00007f61ab4f4000,0x00007f61ab8ce000] byte_map_base: 0x00007f61ab0cd000

Marking Bits: (ParMarkBitMap*) 0x00007f61c1b3e120
 Begin Bits: [0x00007f61a70cf000, 0x00007f61a8f97000)
 End Bits:   [0x00007f61a8f97000, 0x00007f61aae5f000)

Polling page: 0x00007f61c2787000

CodeCache: size=245760Kb used=1976Kb max_used=1988Kb free=243783Kb
 bounds [0x00007f61abc8e000, 0x00007f61abefe000, 0x00007f61bac8e000]
 total_blobs=551 nmethods=319 adapters=154
 compilation: enabled

Compilation events (10 events):
Event: 9.352 Thread 0x00007f61bc0d8000 nmethod 313 0x00007f61abe7b390 code [0x00007f61abe7b540, 0x00007f61abe7bd08]
Event: 9.434 Thread 0x00007f61bc0d8000  316       1       Test$Node::getBucketId (5 bytes)
Event: 9.434 Thread 0x00007f61bc0d8000 nmethod 316 0x00007f61abe7b0d0 code [0x00007f61abe7b220, 0x00007f61abe7b330]
Event: 9.819 Thread 0x00007f61bc0d8000  317       3       java.util.ArrayList$Itr::hasNext (20 bytes)
Event: 9.820 Thread 0x00007f61bc0d8000 nmethod 317 0x00007f61abe78e50 code [0x00007f61abe78fc0, 0x00007f61abe79190]
Event: 10.078 Thread 0x00007f61bc0d6000  318       4       java.lang.AbstractStringBuilder::<init> (12 bytes)
Event: 10.082 Thread 0x00007f61bc0d6000 nmethod 318 0x00007f61abe7fa50 code [0x00007f61abe7fba0, 0x00007f61abe7fcd8]
Event: 10.473 Thread 0x00007f61bc0d3800  319       4       java.lang.StringBuilder::toString (17 bytes)
Event: 10.477 Thread 0x00007f61bc0d3800 nmethod 319 0x00007f61abe7dc90 code [0x00007f61abe7de00, 0x00007f61abe7e238]
Event: 12.245 Thread 0x00007f61bc0d8000  320       1       Test$Node::getDisplayName (5 bytes)

GC Heap History (10 events):
Event: 11.862 GC heap after
Heap after GC invocations=24 (full 7):
 PSYoungGen      total 659456K, used 0K [0x00000000d6f80000, 0x0000000100000000, 0x0000000100000000)
  eden space 648192K, 0% used [0x00000000d6f80000,0x00000000d6f80000,0x00000000fe880000)
  from space 11264K, 0% used [0x00000000fe880000,0x00000000fe880000,0x00000000ff380000)
  to   space 10752K, 0% used [0x00000000ff580000,0x00000000ff580000,0x0000000100000000)
 ParOldGen       total 407040K, used 148649K [0x0000000084e00000, 0x000000009db80000, 0x00000000d6f80000)
  object space 407040K, 36% used [0x0000000084e00000,0x000000008df2a420,0x000000009db80000)
 Metaspace       used 4001K, capacity 5010K, committed 5120K, reserved 1056768K
  class space    used 420K, capacity 457K, committed 512K, reserved 1048576K
}
Event: 12.020 GC heap before
{Heap before GC invocations=25 (full 7):
 PSYoungGen      total 659456K, used 496321K [0x00000000d6f80000, 0x0000000100000000, 0x0000000100000000)
  eden space 648192K, 76% used [0x00000000d6f80000,0x00000000f5430628,0x00000000fe880000)
  from space 11264K, 0% used [0x00000000fe880000,0x00000000fe880000,0x00000000ff380000)
  to   space 10752K, 0% used [0x00000000ff580000,0x00000000ff580000,0x0000000100000000)
 ParOldGen       total 407040K, used 148649K [0x0000000084e00000, 0x000000009db80000, 0x00000000d6f80000)
  object space 407040K, 36% used [0x0000000084e00000,0x000000008df2a420,0x000000009db80000)
 Metaspace       used 4001K, capacity 5010K, committed 5120K, reserved 1056768K
  class space    used 420K, capacity 457K, committed 512K, reserved 1048576K
Event: 12.059 GC heap after
Heap after GC invocations=25 (full 7):
 PSYoungGen      total 658432K, used 32K [0x00000000d6f80000, 0x00000000ffd80000, 0x0000000100000000)
  eden space 650240K, 0% used [0x00000000d6f80000,0x00000000d6f80000,0x00000000fea80000)
  from space 8192K, 0% used [0x00000000ff580000,0x00000000ff588000,0x00000000ffd80000)
  to   space 9728K, 0% used [0x00000000fea80000,0x00000000fea80000,0x00000000ff400000)
 ParOldGen       total 407040K, used 342100K [0x0000000084e00000, 0x000000009db80000, 0x00000000d6f80000)
  object space 407040K, 84% used [0x0000000084e00000,0x0000000099c153e8,0x000000009db80000)
 Metaspace       used 4001K, capacity 5010K, committed 5120K, reserved 1056768K
  class space    used 420K, capacity 457K, committed 512K, reserved 1048576K
}
Event: 12.059 GC heap before
{Heap before GC invocations=26 (full 8):
 PSYoungGen      total 658432K, used 32K [0x00000000d6f80000, 0x00000000ffd80000, 0x0000000100000000)
  eden space 650240K, 0% used [0x00000000d6f80000,0x00000000d6f80000,0x00000000fea80000)
  from space 8192K, 0% used [0x00000000ff580000,0x00000000ff588000,0x00000000ffd80000)
  to   space 9728K, 0% used [0x00000000fea80000,0x00000000fea80000,0x00000000ff400000)
 ParOldGen       total 407040K, used 342100K [0x0000000084e00000, 0x000000009db80000, 0x00000000d6f80000)
  object space 407040K, 84% used [0x0000000084e00000,0x0000000099c153e8,0x000000009db80000)
 Metaspace       used 4001K, capacity 5010K, committed 5120K, reserved 1056768K
  class space    used 420K, capacity 457K, committed 512K, reserved 1048576K
Event: 12.066 GC heap after
Heap after GC invocations=26 (full 8):
 PSYoungGen      total 658432K, used 0K [0x00000000d6f80000, 0x00000000ffd80000, 0x0000000100000000)
  eden space 650240K, 0% used [0x00000000d6f80000,0x00000000d6f80000,0x00000000fea80000)
  from space 8192K, 0% used [0x00000000ff580000,0x00000000ff580000,0x00000000ffd80000)
  to   space 9728K, 0% used [0x00000000fea80000,0x00000000fea80000,0x00000000ff400000)
 ParOldGen       total 540160K, used 245375K [0x0000000084e00000, 0x00000000a5d80000, 0x00000000d6f80000)
  object space 540160K, 45% used [0x0000000084e00000,0x0000000093d9fc48,0x00000000a5d80000)
 Metaspace       used 4001K, capacity 5010K, committed 5120K, reserved 1056768K
  class space    used 420K, capacity 457K, committed 512K, reserved 1048576K
}
Event: 12.245 GC heap before
{Heap before GC invocations=27 (full 8):
 PSYoungGen      total 658432K, used 501074K [0x00000000d6f80000, 0x00000000ffd80000, 0x0000000100000000)
  eden space 650240K, 77% used [0x00000000d6f80000,0x00000000f58d4ba0,0x00000000fea80000)
  from space 8192K, 0% used [0x00000000ff580000,0x00000000ff580000,0x00000000ffd80000)
  to   space 9728K, 0% used [0x00000000fea80000,0x00000000fea80000,0x00000000ff400000)
 ParOldGen       total 540160K, used 245375K [0x0000000084e00000, 0x00000000a5d80000, 0x00000000d6f80000)
  object space 540160K, 45% used [0x0000000084e00000,0x0000000093d9fc48,0x00000000a5d80000)
 Metaspace       used 4001K, capacity 5010K, committed 5120K, reserved 1056768K
  class space    used 420K, capacity 457K, committed 512K, reserved 1048576K
Event: 13.035 GC heap after
Heap after GC invocations=27 (full 8):
 PSYoungGen      total 659968K, used 32K [0x00000000d6f80000, 0x0000000100000000, 0x0000000100000000)
  eden space 650240K, 0% used [0x00000000d6f80000,0x00000000d6f80000,0x00000000fea80000)
  from space 9728K, 0% used [0x00000000fea80000,0x00000000fea88000,0x00000000ff400000)
  to   space 9216K, 0% used [0x00000000ff700000,0x00000000ff700000,0x0000000100000000)
 ParOldGen       total 1131008K, used 835199K [0x0000000084e00000, 0x00000000c9e80000, 0x00000000d6f80000)
  object space 1131008K, 73% used [0x0000000084e00000,0x00000000b7d9fc68,0x00000000c9e80000)
 Metaspace       used 4001K, capacity 5010K, committed 5120K, reserved 1056768K
  class space    used 420K, capacity 457K, committed 512K, reserved 1048576K
}
Event: 13.046 GC heap before
{Heap before GC invocations=28 (full 9):
 PSYoungGen      total 659968K, used 32K [0x00000000d6f80000, 0x0000000100000000, 0x0000000100000000)
  eden space 650240K, 0% used [0x00000000d6f80000,0x00000000d6f80000,0x00000000fea80000)
  from space 9728K, 0% used [0x00000000fea80000,0x00000000fea88000,0x00000000ff400000)
  to   space 9216K, 0% used [0x00000000ff700000,0x00000000ff700000,0x0000000100000000)
 ParOldGen       total 1131008K, used 835199K [0x0000000084e00000, 0x00000000c9e80000, 0x00000000d6f80000)
  object space 1131008K, 73% used [0x0000000084e00000,0x00000000b7d9fc68,0x00000000c9e80000)
 Metaspace       used 4001K, capacity 5010K, committed 5120K, reserved 1056768K
  class space    used 420K, capacity 457K, committed 512K, reserved 1048576K
Event: 13.306 GC heap after
Heap after GC invocations=28 (full 9):
 PSYoungGen      total 659968K, used 0K [0x00000000d6f80000, 0x0000000100000000, 0x0000000100000000)
  eden space 650240K, 0% used [0x00000000d6f80000,0x00000000d6f80000,0x00000000fea80000)
  from space 9728K, 0% used [0x00000000fea80000,0x00000000fea80000,0x00000000ff400000)
  to   space 9216K, 0% used [0x00000000ff700000,0x00000000ff700000,0x0000000100000000)
 ParOldGen       total 766464K, used 296105K [0x0000000084e00000, 0x00000000b3a80000, 0x00000000d6f80000)
  object space 766464K, 38% used [0x0000000084e00000,0x0000000096f2a420,0x00000000b3a80000)
 Metaspace       used 4001K, capacity 5010K, committed 5120K, reserved 1056768K
  class space    used 420K, capacity 457K, committed 512K, reserved 1048576K
}
Event: 13.556 GC heap before
{Heap before GC invocations=29 (full 9):
 PSYoungGen      total 659968K, used 593054K [0x00000000d6f80000, 0x0000000100000000, 0x0000000100000000)
  eden space 650240K, 91% used [0x00000000d6f80000,0x00000000fb2a7a10,0x00000000fea80000)
  from space 9728K, 0% used [0x00000000fea80000,0x00000000fea80000,0x00000000ff400000)
  to   space 9216K, 0% used [0x00000000ff700000,0x00000000ff700000,0x0000000100000000)
 ParOldGen       total 766464K, used 296105K [0x0000000084e00000, 0x00000000b3a80000, 0x00000000d6f80000)
  object space 766464K, 38% used [0x0000000084e00000,0x0000000096f2a420,0x00000000b3a80000)
 Metaspace       used 4001K, capacity 5010K, committed 5120K, reserved 1056768K
  class space    used 420K, capacity 457K, committed 512K, reserved 1048576K

Deoptimization events (2 events):
Event: 0.158 Thread 0x00007f61bc012000 Uncommon trap: reason=unstable_if action=reinterpret pc=0x00007f61abd98c64 method=java.lang.String.hashCode()I @ 14
Event: 0.416 Thread 0x00007f61bc012000 Uncommon trap: reason=unstable_if action=reinterpret pc=0x00007f61abe67938 method=com.google.gson.stream.JsonReader.doPeek()I @ 315

Internal exceptions (5 events):
Event: 0.026 Thread 0x00007f61bc012000 Exception <a 'java/lang/NoSuchMethodError': Method sun.misc.Unsafe.defineClass(Ljava/lang/String;[BII)Ljava/lang/Class; name or signature does not match> (0x00000000d6f87cc0) thrown at [/HUDSON3/workspace/8-2-build-linux-amd64/jdk8u101/7261/hotspot/src/sh
Event: 0.026 Thread 0x00007f61bc012000 Exception <a 'java/lang/NoSuchMethodError': Method sun.misc.Unsafe.prefetchRead(Ljava/lang/Object;J)V name or signature does not match> (0x00000000d6f87fa8) thrown at [/HUDSON3/workspace/8-2-build-linux-amd64/jdk8u101/7261/hotspot/src/share/vm/prims/jni.c
Event: 0.332 Thread 0x00007f61bc012000 Exception <a 'java/lang/ArrayIndexOutOfBoundsException': 18> (0x00000000d7788910) thrown at [/HUDSON3/workspace/8-2-build-linux-amd64/jdk8u101/7261/hotspot/src/share/vm/interpreter/interpreterRuntime.cpp, line 366]
Event: 0.332 Thread 0x00007f61bc012000 Exception <a 'java/lang/ArrayIndexOutOfBoundsException': 67> (0x00000000d7789818) thrown at [/HUDSON3/workspace/8-2-build-linux-amd64/jdk8u101/7261/hotspot/src/share/vm/interpreter/interpreterRuntime.cpp, line 366]
Event: 0.335 Thread 0x00007f61bc012000 Exception <a 'java/lang/ArrayIndexOutOfBoundsException'> (0x00000000d77ad948) thrown at [/HUDSON3/workspace/8-2-build-linux-amd64/jdk8u101/7261/hotspot/src/share/vm/runtime/sharedRuntime.cpp, line 605]

Events (10 events):
Event: 11.475 Executing VM operation: ParallelGCFailedAllocation done
Event: 11.638 Executing VM operation: ParallelGCFailedAllocation
Event: 11.666 Executing VM operation: ParallelGCFailedAllocation done
Event: 11.833 Executing VM operation: ParallelGCFailedAllocation
Event: 11.862 Executing VM operation: ParallelGCFailedAllocation done
Event: 12.020 Executing VM operation: ParallelGCFailedAllocation
Event: 12.066 Executing VM operation: ParallelGCFailedAllocation done
Event: 12.245 Executing VM operation: ParallelGCFailedAllocation
Event: 13.355 Executing VM operation: ParallelGCFailedAllocation done
Event: 13.556 Executing VM operation: ParallelGCFailedAllocation


Dynamic libraries:
00400000-00401000 r-xp 00000000 08:05 5769440                            /usr/lib/jvm/java-8-oracle/bin/java
00600000-00601000 rw-p 00000000 08:05 5769440                            /usr/lib/jvm/java-8-oracle/bin/java
010e0000-01101000 rw-p 00000000 00:00 0                                  [heap]
84e00000-b3a80000 rw-p 00000000 00:00 0 
bf780000-d6f80000 ---p 00000000 00:00 0 
d6f80000-100000000 rw-p 00000000 00:00 0 
100000000-100080000 rw-p 00000000 00:00 0 
100080000-140000000 ---p 00000000 00:00 0 
7f6160000000-7f6160021000 rw-p 00000000 00:00 0 
7f6160021000-7f6164000000 ---p 00000000 00:00 0 
7f6168000000-7f61681d2000 rw-p 00000000 00:00 0 
7f61681d2000-7f616c000000 ---p 00000000 00:00 0 
7f616c000000-7f616c021000 rw-p 00000000 00:00 0 
7f616c021000-7f6170000000 ---p 00000000 00:00 0 
7f6170000000-7f6170209000 rw-p 00000000 00:00 0 
7f6170209000-7f6174000000 ---p 00000000 00:00 0 
7f6174000000-7f6174239000 rw-p 00000000 00:00 0 
7f6174239000-7f6178000000 ---p 00000000 00:00 0 
7f6178000000-7f6178021000 rw-p 00000000 00:00 0 
7f6178021000-7f617c000000 ---p 00000000 00:00 0 
7f617c000000-7f617c021000 rw-p 00000000 00:00 0 
7f617c021000-7f6180000000 ---p 00000000 00:00 0 
7f6180000000-7f6180021000 rw-p 00000000 00:00 0 
7f6180021000-7f6184000000 ---p 00000000 00:00 0 
7f6184000000-7f6184021000 rw-p 00000000 00:00 0 
7f6184021000-7f6188000000 ---p 00000000 00:00 0 
7f6188000000-7f6188021000 rw-p 00000000 00:00 0 
7f6188021000-7f618c000000 ---p 00000000 00:00 0 
7f618c000000-7f618c021000 rw-p 00000000 00:00 0 
7f618c021000-7f6190000000 ---p 00000000 00:00 0 
7f6190000000-7f619028d000 rw-p 00000000 00:00 0 
7f619028d000-7f6194000000 ---p 00000000 00:00 0 
7f6194000000-7f6194021000 rw-p 00000000 00:00 0 
7f6194021000-7f6198000000 ---p 00000000 00:00 0 
7f6198000000-7f6198021000 rw-p 00000000 00:00 0 
7f6198021000-7f619c000000 ---p 00000000 00:00 0 
7f619c000000-7f619c021000 rw-p 00000000 00:00 0 
7f619c021000-7f61a0000000 ---p 00000000 00:00 0 
7f61a0000000-7f61a0021000 rw-p 00000000 00:00 0 
7f61a0021000-7f61a4000000 ---p 00000000 00:00 0 
7f61a41bd000-7f61a41be000 rw-p 00000000 00:00 0 
7f61a41be000-7f61a41ca000 r--s 00097000 08:05 3671088                    /home/raghunandangupta/.m2/repository/org/codehaus/jackson/jackson-mapper-asl/1.8.5/jackson-mapper-asl-1.8.5.jar
7f61a41ca000-7f61a41d4000 r--s 0005f000 08:05 3671086                    /home/raghunandangupta/.m2/repository/ch/qos/logback/logback-core/1.1.2/logback-core-1.1.2.jar
7f61a41d4000-7f61a41da000 r--s 0003d000 08:05 3671084                    /home/raghunandangupta/.m2/repository/ch/qos/logback/logback-classic/1.1.2/logback-classic-1.1.2.jar
7f61a41da000-7f61a41db000 r--s 00007000 08:05 3671083                    /home/raghunandangupta/.m2/repository/org/slf4j/slf4j-api/1.7.9/slf4j-api-1.7.9.jar
7f61a41db000-7f61a41df000 r--s 00020000 08:05 3671080                    /home/raghunandangupta/.m2/repository/commons-digester/commons-digester/1.8/commons-digester-1.8.jar
7f61a41df000-7f61a41e4000 r--s 00034000 08:05 3671078                    /home/raghunandangupta/.m2/repository/commons-beanutils/commons-beanutils/1.8.3/commons-beanutils-1.8.3.jar
7f61a41e4000-7f61a41e8000 r--s 00028000 08:05 3671077                    /home/raghunandangupta/.m2/repository/commons-validator/commons-validator/1.4.0/commons-validator-1.4.0.jar
7f61a41e8000-7f61a41ef000 r--s 00047000 08:05 3671068                    /home/raghunandangupta/.m2/repository/org/apache/httpcomponents/httpcore-nio/4.3.2/httpcore-nio-4.3.2.jar
7f61a41ef000-7f61a41f3000 r--s 00023000 08:05 3671066                    /home/raghunandangupta/.m2/repository/org/apache/httpcomponents/httpasyncclient/4.0.2/httpasyncclient-4.0.2.jar
7f61a41f3000-7f61a41f7000 r--s 0003c000 08:05 4327289                    /home/raghunandangupta/.m2/repository/commons-lang/commons-lang/2.4/commons-lang-2.4.jar
7f61a41f7000-7f61a4205000 r--s 0007f000 08:05 4065096                    /home/raghunandangupta/.m2/repository/commons-collections/commons-collections/3.2.1/commons-collections-3.2.1.jar
7f61a4205000-7f61a420d000 r--s 00066000 08:05 4327287                    /home/raghunandangupta/.m2/repository/org/apache/velocity/velocity/1.7/velocity-1.7.jar
7f61a420d000-7f61a4212000 r--s 0002f000 08:05 4066156                    /home/raghunandangupta/.m2/repository/com/google/code/gson/gson/2.3.1/gson-2.3.1.jar
7f61a4212000-7f61a4219000 r--s 0005e000 08:05 3671064                    /home/raghunandangupta/.m2/repository/org/apache/commons/commons-lang3/3.3.2/commons-lang3-3.3.2.jar
7f61a4219000-7f61a4229000 r--s 00088000 08:05 4983428                    /home/raghunandangupta/.m2/repository/joda-time/joda-time/2.8.1/joda-time-2.8.1.jar
7f61a4229000-7f61a4237000 r--s 00087000 08:05 4983465                    /home/raghunandangupta/.m2/repository/com/amazonaws/aws-java-sdk-core/1.11.3/aws-java-sdk-core-1.11.3.jar
7f61a4237000-7f61a423b000 r--s 00026000 08:05 4983463                    /home/raghunandangupta/.m2/repository/com/amazonaws/aws-java-sdk-applicationautoscaling/1.11.3/aws-java-sdk-applicationautoscaling-1.11.3.jar
7f61a423b000-7f61a423f000 r--s 0002b000 08:05 4983461                    /home/raghunandangupta/.m2/repository/com/amazonaws/aws-java-sdk-discovery/1.11.3/aws-java-sdk-discovery-1.11.3.jar
7f61a423f000-7f61a4247000 r--s 00068000 08:05 4983459                    /home/raghunandangupta/.m2/repository/com/amazonaws/aws-java-sdk-cognitoidp/1.11.3/aws-java-sdk-cognitoidp-1.11.3.jar
7f61a4247000-7f61a4249000 r--s 00006000 08:05 4983423                    /home/raghunandangupta/.m2/repository/com/amazonaws/aws-java-sdk-marketplacemeteringservice/1.11.3/aws-java-sdk-marketplacemeteringservice-1.11.3.jar
7f61a4249000-7f61a4252000 r--s 0006a000 08:05 4983421                    /home/raghunandangupta/.m2/repository/com/amazonaws/aws-java-sdk-dms/1.11.3/aws-java-sdk-dms-1.11.3.jar
7f61a4252000-7f61a425b000 r--s 0007e000 08:05 4983419                    /home/raghunandangupta/.m2/repository/com/amazonaws/aws-java-sdk-gamelift/1.11.3/aws-java-sdk-gamelift-1.11.3.jar
7f61a425b000-7f61a425f000 r--s 00023000 08:05 4983417                    /home/raghunandangupta/.m2/repository/com/amazonaws/aws-java-sdk-acm/1.11.3/aws-java-sdk-acm-1.11.3.jar
7f61a425f000-7f61a426e000 r--s 00102000 08:05 4983415                    /home/raghunandangupta/.m2/repository/com/amazonaws/aws-java-sdk-api-gateway/1.11.3/aws-java-sdk-api-gateway-1.11.3.jar
7f61a426e000-7f61a427a000 r--s 00099000 08:05 4983413                    /home/raghunandangupta/.m2/repository/com/amazonaws/aws-java-sdk-iot/1.11.3/aws-java-sdk-iot-1.11.3.jar
7f61a427a000-7f61a4284000 r--s 00082000 08:05 4983411                    /home/raghunandangupta/.m2/repository/com/amazonaws/aws-java-sdk-inspector/1.11.3/aws-java-sdk-inspector-1.11.3.jar
7f61a4284000-7f61a4286000 r--s 00007000 08:05 4983409                    /home/raghunandangupta/.m2/repository/com/amazonaws/aws-java-sdk-marketplacecommerceanalytics/1.11.3/aws-java-sdk-marketplacecommerceanalytics-1.11.3.jar
7f61a4286000-7f61a4290000 r--s 00092000 08:05 4853409                    /home/raghunandangupta/.m2/repository/com/amazonaws/aws-java-sdk-waf/1.11.3/aws-java-sdk-waf-1.11.3.jar
7f61a4290000-7f61a4294000 r--s 0002f000 08:05 4721380                    /home/raghunandangupta/.m2/repository/com/amazonaws/aws-java-sdk-elasticsearch/1.11.3/aws-java-sdk-elasticsearch-1.11.3.jar
7f61a4294000-7f61a429e000 r--s 0008c000 08:05 4721378                    /home/raghunandangupta/.m2/repository/com/amazonaws/aws-java-sdk-devicefarm/1.11.3/aws-java-sdk-devicefarm-1.11.3.jar
7f61a429e000-7f61a42a4000 r--s 00034000 08:05 4721376                    /home/raghunandangupta/.m2/repository/com/amazonaws/aws-java-sdk-codecommit/1.11.3/aws-java-sdk-codecommit-1.11.3.jar
7f61a42a4000-7f61a42a8000 r--s 00029000 08:05 4721374                    /home/raghunandangupta/.m2/repository/com/amazonaws/aws-java-sdk-efs/1.11.3/aws-java-sdk-efs-1.11.3.jar
7f61a42a8000-7f61a42af000 r--s 00063000 08:05 4721372                    /home/raghunandangupta/.m2/repository/com/amazonaws/aws-java-sdk-directory/1.11.3/aws-java-sdk-directory-1.11.3.jar
7f61a42af000-7f61a42b6000 r--s 00072000 08:05 4721361                    /home/raghunandangupta/.m2/repository/com/amazonaws/aws-java-sdk-machinelearning/1.11.3/aws-java-sdk-machinelearning-1.11.3.jar
7f61a42b6000-7f61a42ba000 r--s 00031000 08:05 4594322                    /home/raghunandangupta/.m2/repository/com/amazonaws/aws-java-sdk-workspaces/1.11.3/aws-java-sdk-workspaces-1.11.3.jar
7f61a42ba000-7f61a42c1000 r--s 00054000 08:05 4594320                    /home/raghunandangupta/.m2/repository/com/amazonaws/aws-java-sdk-ssm/1.11.3/aws-java-sdk-ssm-1.11.3.jar
7f61a42c1000-7f61a42c6000 r--s 00034000 08:05 4458673                    /home/raghunandangupta/.m2/repository/com/amazonaws/aws-java-sdk-cloudhsm/1.11.3/aws-java-sdk-cloudhsm-1.11.3.jar
7f61a42c6000-7f61a42cb000 r--s 00037000 08:05 4458667                    /home/raghunandangupta/.m2/repository/com/amazonaws/aws-java-sdk-ecr/1.11.3/aws-java-sdk-ecr-1.11.3.jar
7f61a42cb000-7f61a42d3000 r--s 00084000 08:05 4335186                    /home/raghunandangupta/.m2/repository/com/amazonaws/aws-java-sdk-ecs/1.11.3/aws-java-sdk-ecs-1.11.3.jar
7f61a42d3000-7f61a42da000 r--s 0005d000 08:05 4335184                    /home/raghunandangupta/.m2/repository/com/amazonaws/aws-java-sdk-lambda/1.11.3/aws-java-sdk-lambda-1.11.3.jar
7f61a42da000-7f61a42e2000 r--s 0006c000 08:05 4335182                    /home/raghunandangupta/.m2/repository/com/amazonaws/aws-java-sdk-config/1.11.3/aws-java-sdk-config-1.11.3.jar
7f61a42e2000-7f61a42e9000 r--s 00057000 08:05 4335180                    /home/raghunandangupta/.m2/repository/com/amazonaws/aws-java-sdk-kms/1.11.3/aws-java-sdk-kms-1.11.3.jar
7f61a42e9000-7f61a42f2000 r--s 00071000 08:05 4335178                    /home/raghunandangupta/.m2/repository/com/amazonaws/aws-java-sdk-codepipeline/1.11.3/aws-java-sdk-codepipeline-1.11.3.jar
7f61a42f2000-7f61a42fe000 r--s 00086000 08:05 4335175                    /home/raghunandangupta/.m2/repository/com/amazonaws/aws-java-sdk-codedeploy/1.11.3/aws-java-sdk-codedeploy-1.11.3.jar
7f61a42fe000-7f61a430b000 r--s 00075000 08:05 4983407                    /home/raghunandangupta/.m2/repository/com/amazonaws/aws-java-sdk-swf-libraries/1.11.3/aws-java-sdk-swf-libraries-1.11.3.jar
7f61a430b000-7f61a430d000 r--s 0000a000 08:05 4983405                    /home/raghunandangupta/.m2/repository/com/amazonaws/aws-java-sdk-cloudwatchmetrics/1.11.3/aws-java-sdk-cloudwatchmetrics-1.11.3.jar
7f61a430d000-7f61a4316000 r--s 0007b000 08:05 4983403                    /home/raghunandangupta/.m2/repository/com/amazonaws/aws-java-sdk-cloudsearch/1.11.3/aws-java-sdk-cloudsearch-1.11.3.jar
7f61a4316000-7f61a4321000 r--s 0009d000 08:05 4983401                    /home/raghunandangupta/.m2/repository/com/amazonaws/aws-java-sdk-autoscaling/1.11.3/aws-java-sdk-autoscaling-1.11.3.jar
7f61a4321000-7f61a432c000 r--s 00081000 08:05 4983399                    /home/raghunandangupta/.m2/repository/com/amazonaws/aws-java-sdk-ses/1.11.3/aws-java-sdk-ses-1.11.3.jar
7f61a432c000-7f61a433c000 r--s 00104000 08:05 4983397                    /home/raghunandangupta/.m2/repository/com/amazonaws/aws-java-sdk-opsworks/1.11.3/aws-java-sdk-opsworks-1.11.3.jar
7f61a433c000-7f61a4345000 r--s 00077000 08:05 4983395                    /home/raghunandangupta/.m2/repository/com/amazonaws/aws-java-sdk-kinesis/1.11.3/aws-java-sdk-kinesis-1.11.3.jar
7f61a4345000-7f61a4350000 r--s 0008c000 08:05 4983393                    /home/raghunandangupta/.m2/repository/com/amazonaws/aws-java-sdk-cloudfront/1.11.3/aws-java-sdk-cloudfront-1.11.3.jar
7f61a4350000-7f61a4357000 r--s 00063000 08:05 4983391                    /home/raghunandangupta/.m2/repository/com/amazonaws/aws-java-sdk-cloudformation/1.11.3/aws-java-sdk-cloudformation-1.11.3.jar
7f61a4357000-7f61a435d000 r--s 00046000 08:05 4983389                    /home/raghunandangupta/.m2/repository/com/amazonaws/aws-java-sdk-directconnect/1.11.3/aws-java-sdk-directconnect-1.11.3.jar
7f61a435d000-7f61a4362000 r--s 00039000 08:05 4983387                    /home/raghunandangupta/.m2/repository/com/amazonaws/aws-java-sdk-cognitosync/1.11.3/aws-java-sdk-cognitosync-1.11.3.jar
7f61a4362000-7f61a4367000 r--s 0003c000 08:05 4983385                    /home/raghunandangupta/.m2/repository/com/amazonaws/aws-java-sdk-cognitoidentity/1.11.3/aws-java-sdk-cognitoidentity-1.11.3.jar
7f61a4367000-7f61a436b000 r--s 00028000 08:05 4330797                    /home/raghunandangupta/.m2/repository/com/amazonaws/aws-java-sdk-events/1.11.3/aws-java-sdk-events-1.11.3.jar
7f61a436b000-7f61a4372000 r--s 00052000 08:05 4983383                    /home/raghunandangupta/.m2/repository/com/amazonaws/aws-java-sdk-logs/1.11.3/aws-java-sdk-logs-1.11.3.jar
7f61a4372000-7f61a4376000 r--s 00032000 08:05 4983381                    /home/raghunandangupta/.m2/repository/com/amazonaws/aws-java-sdk-cloudwatch/1.11.3/aws-java-sdk-cloudwatch-1.11.3.jar
7f61a4376000-7f61a437b000 r--s 00036000 08:05 4983379                    /home/raghunandangupta/.m2/repository/com/amazonaws/aws-java-sdk-cloudtrail/1.11.3/aws-java-sdk-cloudtrail-1.11.3.jar
7f61a437b000-7f61a4381000 r--s 00045000 08:05 4983377                    /home/raghunandangupta/.m2/repository/com/amazonaws/aws-java-sdk-sns/1.11.3/aws-java-sdk-sns-1.11.3.jar
7f61a4381000-7f61a4394000 r--s 00114000 08:05 4983375                    /home/raghunandangupta/.m2/repository/com/amazonaws/aws-java-sdk-dynamodb/1.11.3/aws-java-sdk-dynamodb-1.11.3.jar
7f61a4394000-7f61a43c0000 r--s 00319000 08:05 4983373                    /home/raghunandangupta/.m2/repository/com/amazonaws/aws-java-sdk-ec2/1.11.3/aws-java-sdk-ec2-1.11.3.jar
7f61a43c0000-7f61a43c7000 r--s 0007d000 08:05 4983371                    /home/raghunandangupta/.m2/repository/com/amazonaws/aws-java-sdk-elastictranscoder/1.11.3/aws-java-sdk-elastictranscoder-1.11.3.jar
7f61a43c7000-7f61a43d2000 r--s 0009b000 08:05 4983369                    /home/raghunandangupta/.m2/repository/com/amazonaws/aws-java-sdk-elasticache/1.11.3/aws-java-sdk-elasticache-1.11.3.jar
7f61a43d2000-7f61a43db000 r--s 0008d000 08:05 4983367                    /home/raghunandangupta/.m2/repository/com/amazonaws/aws-java-sdk-emr/1.11.3/aws-java-sdk-emr-1.11.3.jar
7f61a43db000-7f61a43e4000 r--s 00065000 08:05 4983365                    /home/raghunandangupta/.m2/repository/com/amazonaws/aws-java-sdk-elasticloadbalancing/1.11.3/aws-java-sdk-elasticloadbalancing-1.11.3.jar
7f61a43e4000-7f61a43ea000 r--s 00048000 08:05 4983363                    /home/raghunandangupta/.m2/repository/com/amazonaws/aws-java-sdk-datapipeline/1.11.3/aws-java-sdk-datapipeline-1.11.3.jar
7f61a43ea000-7f61a4402000 r--s 0013b000 08:05 4983361                    /home/raghunandangupta/.m2/repository/com/amazonaws/aws-java-sdk-iam/1.11.3/aws-java-sdk-iam-1.11.3.jar
7f61a4402000-7f61a440a000 r--s 00069000 08:05 4983359                    /home/raghunandangupta/.m2/repository/com/amazonaws/aws-java-sdk-glacier/1.11.3/aws-java-sdk-glacier-1.11.3.jar
7f61a440a000-7f61a4415000 r--s 0009f000 08:05 4983357                    /home/raghunandangupta/.m2/repository/com/amazonaws/aws-java-sdk-elasticbeanstalk/1.11.3/aws-java-sdk-elasticbeanstalk-1.11.3.jar
7f61a4415000-7f61a4426000 r--s 000ee000 08:05 4983355                    /home/raghunandangupta/.m2/repository/com/amazonaws/aws-java-sdk-redshift/1.11.3/aws-java-sdk-redshift-1.11.3.jar
7f61a4426000-7f61a4438000 r--s 00138000 08:05 4983353                    /home/raghunandangupta/.m2/repository/com/amazonaws/aws-java-sdk-rds/1.11.3/aws-java-sdk-rds-1.11.3.jar
7f61a4438000-7f61a443f000 r--s 0004e000 08:05 4983351                    /home/raghunandangupta/.m2/repository/com/amazonaws/aws-java-sdk-sqs/1.11.3/aws-java-sdk-sqs-1.11.3.jar
7f61a443f000-7f61a4443000 r--s 00026000 08:05 4983349                    /home/raghunandangupta/.m2/repository/com/amazonaws/aws-java-sdk-sts/1.11.3/aws-java-sdk-sts-1.11.3.jar
7f61a4443000-7f61a4450000 r--s 0008e000 08:05 4983345                    /home/raghunandangupta/.m2/repository/com/amazonaws/aws-java-sdk-s3/1.11.3/aws-java-sdk-s3-1.11.3.jar
7f61a4450000-7f61a4462000 r--s 000fc000 08:05 4983343                    /home/raghunandangupta/.m2/repository/com/amazonaws/aws-java-sdk-route53/1.11.3/aws-java-sdk-route53-1.11.3.jar
7f61a4462000-7f61a446e000 r--s 000a0000 08:05 4983341                    /home/raghunandangupta/.m2/repository/com/amazonaws/aws-java-sdk-storagegateway/1.11.3/aws-java-sdk-storagegateway-1.11.3.jar
7f61a446e000-7f61a447e000 r--s 000ea000 08:05 4983339                    /home/raghunandangupta/.m2/repository/com/amazonaws/aws-java-sdk-simpleworkflow/1.11.3/aws-java-sdk-simpleworkflow-1.11.3.jar
7f61a447e000-7f61a4483000 r--s 00028000 08:05 4983337                    /home/raghunandangupta/.m2/repository/com/amazonaws/aws-java-sdk-simpledb/1.11.3/aws-java-sdk-simpledb-1.11.3.jar
7f61a4483000-7f61a4488000 r--s 00041000 08:05 4983335                    /home/raghunandangupta/.m2/repository/com/amazonaws/aws-java-sdk-support/1.11.3/aws-java-sdk-support-1.11.3.jar
7f61a4488000-7f61a44b3000 r--s 001fc000 08:05 3671060                    /home/raghunandangupta/.m2/repository/com/google/guava/guava/18.0/guava-18.0.jar
7f61a44b3000-7f61a44b7000 r--s 00035000 08:05 4065184                    /home/raghunandangupta/.m2/repository/org/codehaus/jackson/jackson-core-asl/1.9.13/jackson-core-asl-1.9.13.jar
7f61a44b7000-7f61a44be000 r--s 0003a000 08:05 3805053                    /home/raghunandangupta/.m2/repository/commons-codec/commons-codec/1.9/commons-codec-1.9.jar
7f61a44be000-7f61a44c5000 r--s 00049000 08:05 4199877                    /home/raghunandangupta/.m2/repository/org/apache/httpcomponents/httpcore/4.4.3/httpcore-4.4.3.jar
7f61a44c5000-7f61a44d6000 r--s 00114000 08:05 3936324                    /home/raghunandangupta/.m2/repository/com/fasterxml/jackson/core/jackson-databind/2.7.1-1/jackson-databind-2.7.1-1.jar
7f61a44d6000-7f61a44d7000 ---p 00000000 00:00 0 
7f61a44d7000-7f61a45d7000 rw-p 00000000 00:00 0                          [stack:10233]
7f61a45d7000-7f61a45da000 ---p 00000000 00:00 0 
7f61a45da000-7f61a46d8000 rw-p 00000000 00:00 0                          [stack:10232]
7f61a46d8000-7f61a46db000 ---p 00000000 00:00 0 
7f61a46db000-7f61a47d9000 rw-p 00000000 00:00 0                          [stack:10231]
7f61a47d9000-7f61a47dc000 ---p 00000000 00:00 0 
7f61a47dc000-7f61a48da000 rw-p 00000000 00:00 0                          [stack:10230]
7f61a48da000-7f61a48dd000 ---p 00000000 00:00 0 
7f61a48dd000-7f61a49db000 rw-p 00000000 00:00 0                          [stack:10229]
7f61a49db000-7f61a49de000 ---p 00000000 00:00 0 
7f61a49de000-7f61a4adc000 rw-p 00000000 00:00 0                          [stack:10226]
7f61a4adc000-7f61a4adf000 ---p 00000000 00:00 0 
7f61a4adf000-7f61a4bdd000 rw-p 00000000 00:00 0                          [stack:10225]
7f61a4bdd000-7f61a4be0000 ---p 00000000 00:00 0 
7f61a4be0000-7f61a4cde000 rw-p 00000000 00:00 0                          [stack:10222]
7f61a4cde000-7f61a4ce2000 r-xp 00000000 08:05 5905094                    /usr/lib/jvm/java-8-oracle/jre/lib/amd64/libdt_socket.so
7f61a4ce2000-7f61a4ee1000 ---p 00004000 08:05 5905094                    /usr/lib/jvm/java-8-oracle/jre/lib/amd64/libdt_socket.so
7f61a4ee1000-7f61a4ee2000 rw-p 00003000 08:05 5905094                    /usr/lib/jvm/java-8-oracle/jre/lib/amd64/libdt_socket.so
7f61a4ee2000-7f61a4ee5000 ---p 00000000 00:00 0 
7f61a4ee5000-7f61a4fe3000 rw-p 00000000 00:00 0                          [stack:10220]
7f61a4fe3000-7f61a4fe6000 ---p 00000000 00:00 0 
7f61a4fe6000-7f61a50e4000 rw-p 00000000 00:00 0                          [stack:10219]
7f61a50e4000-7f61a50e7000 ---p 00000000 00:00 0 
7f61a50e7000-7f61a51e5000 rw-p 00000000 00:00 0                          [stack:10218]
7f61a51e5000-7f61a51e6000 ---p 00000000 00:00 0 
7f61a51e6000-7f61a62a7000 rw-p 00000000 00:00 0                          [stack:10217]
7f61a62a7000-7f61a6480000 r--s 03d29000 08:05 5776138                    /usr/lib/jvm/java-8-oracle/jre/lib/rt.jar
7f61a6480000-7f61a6976000 rw-p 00000000 00:00 0 
7f61a6976000-7f61a6cf6000 ---p 00000000 00:00 0 
7f61a6cf6000-7f61aae5f000 rw-p 00000000 00:00 0 
7f61aae5f000-7f61aae60000 ---p 00000000 00:00 0 
7f61aae60000-7f61aaf60000 rw-p 00000000 00:00 0                          [stack:10215]
7f61aaf60000-7f61aaf61000 ---p 00000000 00:00 0 
7f61aaf61000-7f61ab061000 rw-p 00000000 00:00 0                          [stack:10214]
7f61ab061000-7f61ab062000 ---p 00000000 00:00 0 
7f61ab062000-7f61ab162000 rw-p 00000000 00:00 0                          [stack:10213]
7f61ab162000-7f61ab163000 ---p 00000000 00:00 0 
7f61ab163000-7f61ab3da000 rw-p 00000000 00:00 0                          [stack:10212]
7f61ab3da000-7f61ab4f4000 ---p 00000000 00:00 0 
7f61ab4f4000-7f61ab66b000 rw-p 00000000 00:00 0 
7f61ab66b000-7f61ab784000 ---p 00000000 00:00 0 
7f61ab784000-7f61ab8cd000 rw-p 00000000 00:00 0 
7f61ab8cd000-7f61ab8d8000 rw-p 00000000 00:00 0 
7f61ab8d8000-7f61abc8e000 ---p 00000000 00:00 0 
7f61abc8e000-7f61abefe000 rwxp 00000000 00:00 0 
7f61abefe000-7f61bac8e000 ---p 00000000 00:00 0 
7f61bac8e000-7f61baca8000 r-xp 00000000 08:05 5905052                    /usr/lib/jvm/java-8-oracle/jre/lib/amd64/libzip.so
7f61baca8000-7f61baea8000 ---p 0001a000 08:05 5905052                    /usr/lib/jvm/java-8-oracle/jre/lib/amd64/libzip.so
7f61baea8000-7f61baea9000 rw-p 0001a000 08:05 5905052                    /usr/lib/jvm/java-8-oracle/jre/lib/amd64/libzip.so
7f61baea9000-7f61baeb3000 r-xp 00000000 08:05 7607185                    /lib/x86_64-linux-gnu/libnss_files-2.19.so
7f61baeb3000-7f61bb0b2000 ---p 0000a000 08:05 7607185                    /lib/x86_64-linux-gnu/libnss_files-2.19.so
7f61bb0b2000-7f61bb0b3000 r--p 00009000 08:05 7607185                    /lib/x86_64-linux-gnu/libnss_files-2.19.so
7f61bb0b3000-7f61bb0b4000 rw-p 0000a000 08:05 7607185                    /lib/x86_64-linux-gnu/libnss_files-2.19.so
7f61bb0b4000-7f61bb0bf000 r-xp 00000000 08:05 7606317                    /lib/x86_64-linux-gnu/libnss_nis-2.19.so
7f61bb0bf000-7f61bb2be000 ---p 0000b000 08:05 7606317                    /lib/x86_64-linux-gnu/libnss_nis-2.19.so
7f61bb2be000-7f61bb2bf000 r--p 0000a000 08:05 7606317                    /lib/x86_64-linux-gnu/libnss_nis-2.19.so
7f61bb2bf000-7f61bb2c0000 rw-p 0000b000 08:05 7606317                    /lib/x86_64-linux-gnu/libnss_nis-2.19.so
7f61bb2c0000-7f61bb2d7000 r-xp 00000000 08:05 7602278                    /lib/x86_64-linux-gnu/libnsl-2.19.so
7f61bb2d7000-7f61bb4d6000 ---p 00017000 08:05 7602278                    /lib/x86_64-linux-gnu/libnsl-2.19.so
7f61bb4d6000-7f61bb4d7000 r--p 00016000 08:05 7602278                    /lib/x86_64-linux-gnu/libnsl-2.19.so
7f61bb4d7000-7f61bb4d8000 rw-p 00017000 08:05 7602278                    /lib/x86_64-linux-gnu/libnsl-2.19.so
7f61bb4d8000-7f61bb4da000 rw-p 00000000 00:00 0 
7f61bb4da000-7f61bb4e3000 r-xp 00000000 08:05 7602276                    /lib/x86_64-linux-gnu/libnss_compat-2.19.so
7f61bb4e3000-7f61bb6e2000 ---p 00009000 08:05 7602276                    /lib/x86_64-linux-gnu/libnss_compat-2.19.so
7f61bb6e2000-7f61bb6e3000 r--p 00008000 08:05 7602276                    /lib/x86_64-linux-gnu/libnss_compat-2.19.so
7f61bb6e3000-7f61bb6e4000 rw-p 00009000 08:05 7602276                    /lib/x86_64-linux-gnu/libnss_compat-2.19.so
7f61bb6e4000-7f61bbdc6000 r--p 00000000 08:05 5512087                    /usr/lib/locale/locale-archive
7f61bbdc6000-7f61bbdff000 r-xp 00000000 08:05 5905081                    /usr/lib/jvm/java-8-oracle/jre/lib/amd64/libjdwp.so
7f61bbdff000-7f61bbffe000 ---p 00039000 08:05 5905081                    /usr/lib/jvm/java-8-oracle/jre/lib/amd64/libjdwp.so
7f61bbffe000-7f61bc000000 rw-p 00038000 08:05 5905081                    /usr/lib/jvm/java-8-oracle/jre/lib/amd64/libjdwp.so
7f61bc000000-7f61bc857000 rw-p 00000000 00:00 0 
7f61bc857000-7f61c0000000 ---p 00000000 00:00 0 
7f61c0000000-7f61c0003000 r--s 0001c000 08:05 4983347                    /home/raghunandangupta/.m2/repository/com/amazonaws/aws-java-sdk-importexport/1.11.3/aws-java-sdk-importexport-1.11.3.jar
7f61c0003000-7f61c0010000 r--s 000a6000 08:05 4194761                    /home/raghunandangupta/.m2/repository/org/apache/httpcomponents/httpclient/4.5.1/httpclient-4.5.1.jar
7f61c0010000-7f61c0031000 rw-p 00000000 00:00 0 
7f61c0031000-7f61c0033000 r-xp 00000000 08:05 5905069                    /usr/lib/jvm/java-8-oracle/jre/lib/amd64/libnpt.so
7f61c0033000-7f61c0233000 ---p 00002000 08:05 5905069                    /usr/lib/jvm/java-8-oracle/jre/lib/amd64/libnpt.so
7f61c0233000-7f61c0234000 rw-p 00002000 08:05 5905069                    /usr/lib/jvm/java-8-oracle/jre/lib/amd64/libnpt.so
7f61c0234000-7f61c025e000 r-xp 00000000 08:05 5905095                    /usr/lib/jvm/java-8-oracle/jre/lib/amd64/libjava.so
7f61c025e000-7f61c045e000 ---p 0002a000 08:05 5905095                    /usr/lib/jvm/java-8-oracle/jre/lib/amd64/libjava.so
7f61c045e000-7f61c0460000 rw-p 0002a000 08:05 5905095                    /usr/lib/jvm/java-8-oracle/jre/lib/amd64/libjava.so
7f61c0460000-7f61c046d000 r-xp 00000000 08:05 5905072                    /usr/lib/jvm/java-8-oracle/jre/lib/amd64/libverify.so
7f61c046d000-7f61c066d000 ---p 0000d000 08:05 5905072                    /usr/lib/jvm/java-8-oracle/jre/lib/amd64/libverify.so
7f61c066d000-7f61c066f000 rw-p 0000d000 08:05 5905072                    /usr/lib/jvm/java-8-oracle/jre/lib/amd64/libverify.so
7f61c066f000-7f61c0676000 r-xp 00000000 08:05 7607181                    /lib/x86_64-linux-gnu/librt-2.19.so
7f61c0676000-7f61c0875000 ---p 00007000 08:05 7607181                    /lib/x86_64-linux-gnu/librt-2.19.so
7f61c0875000-7f61c0876000 r--p 00006000 08:05 7607181                    /lib/x86_64-linux-gnu/librt-2.19.so
7f61c0876000-7f61c0877000 rw-p 00007000 08:05 7607181                    /lib/x86_64-linux-gnu/librt-2.19.so
7f61c0877000-7f61c097c000 r-xp 00000000 08:05 7602269                    /lib/x86_64-linux-gnu/libm-2.19.so
7f61c097c000-7f61c0b7b000 ---p 00105000 08:05 7602269                    /lib/x86_64-linux-gnu/libm-2.19.so
7f61c0b7b000-7f61c0b7c000 r--p 00104000 08:05 7602269                    /lib/x86_64-linux-gnu/libm-2.19.so
7f61c0b7c000-7f61c0b7d000 rw-p 00105000 08:05 7602269                    /lib/x86_64-linux-gnu/libm-2.19.so
7f61c0b7d000-7f61c1848000 r-xp 00000000 08:05 5905063                    /usr/lib/jvm/java-8-oracle/jre/lib/amd64/server/libjvm.so
7f61c1848000-7f61c1a47000 ---p 00ccb000 08:05 5905063                    /usr/lib/jvm/java-8-oracle/jre/lib/amd64/server/libjvm.so
7f61c1a47000-7f61c1b20000 rw-p 00cca000 08:05 5905063                    /usr/lib/jvm/java-8-oracle/jre/lib/amd64/server/libjvm.so
7f61c1b20000-7f61c1b6b000 rw-p 00000000 00:00 0 
7f61c1b6b000-7f61c1d25000 r-xp 00000000 08:05 7607182                    /lib/x86_64-linux-gnu/libc-2.19.so
7f61c1d25000-7f61c1f25000 ---p 001ba000 08:05 7607182                    /lib/x86_64-linux-gnu/libc-2.19.so
7f61c1f25000-7f61c1f29000 r--p 001ba000 08:05 7607182                    /lib/x86_64-linux-gnu/libc-2.19.so
7f61c1f29000-7f61c1f2b000 rw-p 001be000 08:05 7607182                    /lib/x86_64-linux-gnu/libc-2.19.so
7f61c1f2b000-7f61c1f30000 rw-p 00000000 00:00 0 
7f61c1f30000-7f61c1f33000 r-xp 00000000 08:05 7602271                    /lib/x86_64-linux-gnu/libdl-2.19.so
7f61c1f33000-7f61c2132000 ---p 00003000 08:05 7602271                    /lib/x86_64-linux-gnu/libdl-2.19.so
7f61c2132000-7f61c2133000 r--p 00002000 08:05 7602271                    /lib/x86_64-linux-gnu/libdl-2.19.so
7f61c2133000-7f61c2134000 rw-p 00003000 08:05 7602271                    /lib/x86_64-linux-gnu/libdl-2.19.so
7f61c2134000-7f61c2149000 r-xp 00000000 08:05 6169766                    /usr/lib/jvm/java-8-oracle/lib/amd64/jli/libjli.so
7f61c2149000-7f61c2349000 ---p 00015000 08:05 6169766                    /usr/lib/jvm/java-8-oracle/lib/amd64/jli/libjli.so
7f61c2349000-7f61c234a000 rw-p 00015000 08:05 6169766                    /usr/lib/jvm/java-8-oracle/lib/amd64/jli/libjli.so
7f61c234a000-7f61c2363000 r-xp 00000000 08:05 7602280                    /lib/x86_64-linux-gnu/libpthread-2.19.so
7f61c2363000-7f61c2562000 ---p 00019000 08:05 7602280                    /lib/x86_64-linux-gnu/libpthread-2.19.so
7f61c2562000-7f61c2563000 r--p 00018000 08:05 7602280                    /lib/x86_64-linux-gnu/libpthread-2.19.so
7f61c2563000-7f61c2564000 rw-p 00019000 08:05 7602280                    /lib/x86_64-linux-gnu/libpthread-2.19.so
7f61c2564000-7f61c2568000 rw-p 00000000 00:00 0 
7f61c2568000-7f61c258b000 r-xp 00000000 08:05 7606310                    /lib/x86_64-linux-gnu/ld-2.19.so
7f61c258b000-7f61c258c000 r--s 0000b000 08:05 4721382                    /home/raghunandangupta/.m2/repository/com/fasterxml/jackson/dataformat/jackson-dataformat-cbor/2.6.6/jackson-dataformat-cbor-2.6.6.jar
7f61c258c000-7f61c258d000 r--s 00000000 08:05 4983333                    /home/raghunandangupta/.m2/repository/com/amazonaws/aws-java-sdk/1.11.3/aws-java-sdk-1.11.3.jar
7f61c258d000-7f61c258f000 r--s 0000e000 08:05 4195377                    /home/raghunandangupta/.m2/repository/commons-logging/commons-logging/1.2/commons-logging-1.2.jar
7f61c258f000-7f61c2591000 r--s 00008000 08:05 6045586                    /home/raghunandangupta/.m2/repository/org/apache/commons/commons-csv/1.1/commons-csv-1.1.jar
7f61c2591000-7f61c2594000 r--s 0000a000 08:05 3937350                    /home/raghunandangupta/.m2/repository/com/fasterxml/jackson/core/jackson-annotations/2.7.1/jackson-annotations-2.7.1.jar
7f61c2594000-7f61c2597000 r--s 0003b000 08:05 3937317                    /home/raghunandangupta/.m2/repository/com/fasterxml/jackson/core/jackson-core/2.7.1/jackson-core-2.7.1.jar
7f61c2597000-7f61c2662000 rw-p 00000000 00:00 0 
7f61c2662000-7f61c2665000 ---p 00000000 00:00 0 
7f61c2665000-7f61c2767000 rw-p 00000000 00:00 0                          [stack:10211]
7f61c2767000-7f61c276b000 r--s 00016000 08:05 7478437                    /home/raghunandangupta/.m2/repository/com/googlecode/concurrent-trees/concurrent-trees/2.1.0/concurrent-trees-2.1.0.jar
7f61c276b000-7f61c2772000 r--s 00031000 08:05 7478435                    /home/raghunandangupta/.m2/repository/com/googlecode/cqengine/cqengine/1.2.7/cqengine-1.2.7.jar
7f61c2772000-7f61c2774000 r--s 00002000 08:05 4589825                    /home/raghunandangupta/.m2/repository/net/sourceforge/javacsv/javacsv/2.0/javacsv-2.0.jar
7f61c2774000-7f61c2776000 r--s 0000c000 08:05 3539871                    /home/raghunandangupta/Downloads/eclipse/plugins/org.hamcrest.core_1.3.0.v201303031735.jar
7f61c2776000-7f61c277e000 r--s 00045000 08:05 3539517                    /home/raghunandangupta/Downloads/eclipse/plugins/org.junit_4.12.0.v201504281640/junit.jar
7f61c277e000-7f61c2786000 rw-s 00000000 08:05 3940677                    /tmp/hsperfdata_raghunandangupta/10206
7f61c2786000-7f61c2787000 rw-p 00000000 00:00 0 
7f61c2787000-7f61c2788000 ---p 00000000 00:00 0 
7f61c2788000-7f61c278a000 rw-p 00000000 00:00 0 
7f61c278a000-7f61c278b000 r--p 00022000 08:05 7606310                    /lib/x86_64-linux-gnu/ld-2.19.so
7f61c278b000-7f61c278c000 rw-p 00023000 08:05 7606310                    /lib/x86_64-linux-gnu/ld-2.19.so
7f61c278c000-7f61c278d000 rw-p 00000000 00:00 0 
7ffd2dcce000-7ffd2dcf2000 rw-p 00000000 00:00 0                          [stack]
7ffd2dd64000-7ffd2dd66000 r--p 00000000 00:00 0                          [vvar]
7ffd2dd66000-7ffd2dd68000 r-xp 00000000 00:00 0                          [vdso]
ffffffffff600000-ffffffffff601000 r-xp 00000000 00:00 0                  [vsyscall]

VM Arguments:
jvm_args: -agentlib:jdwp=transport=dt_socket,suspend=y,address=localhost:48336 -Dmaven.multiModuleProjectDirectory=$M2_HOME -Dfile.encoding=UTF-8 
java_command: Test
java_class_path (initial): /home/raghunandangupta/gitPro/tally/target/classes:/home/raghunandangupta/Downloads/eclipse/plugins/org.junit_4.12.0.v201504281640/junit.jar:/home/raghunandangupta/Downloads/eclipse/plugins/org.hamcrest.core_1.3.0.v201303031735.jar:/home/raghunandangupta/.m2/repository/net/sourceforge/javacsv/javacsv/2.0/javacsv-2.0.jar:/home/raghunandangupta/.m2/repository/com/googlecode/cqengine/cqengine/1.2.7/cqengine-1.2.7.jar:/home/raghunandangupta/.m2/repository/com/googlecode/concurrent-trees/concurrent-trees/2.1.0/concurrent-trees-2.1.0.jar:/home/raghunandangupta/.m2/repository/com/fasterxml/jackson/core/jackson-databind/2.7.1-1/jackson-databind-2.7.1-1.jar:/home/raghunandangupta/.m2/repository/com/fasterxml/jackson/core/jackson-core/2.7.1/jackson-core-2.7.1.jar:/home/raghunandangupta/.m2/repository/com/fasterxml/jackson/core/jackson-annotations/2.7.1/jackson-annotations-2.7.1.jar:/home/raghunandangupta/.m2/repository/org/apache/commons/commons-csv/1.1/commons-csv-1.1.jar:/home/raghunandangupta/.m2/repository/org/apache/httpcomponents/httpclient/4.5.1/httpclient-4.5.1.jar:/home/raghunandangupta/.m2/repository/org/apache/httpcomponents/httpcore/4.4.3/httpcore-4.4.3.jar:/home/raghunandangupta/.m2/repository/commons-logging/commons-logging/1.2/commons-logging-1.2.jar:/home/raghunandangupta/.m2/repository/commons-codec/commons-codec/1.9/commons-codec-1.9.jar:/home/raghunandangupta/.m2/repository/org/codehaus/jackson/jackson-core-asl/1.9.13/jackson-core-asl-1.9.13.jar:/home/raghunandangupta/.m2/repository/com/google/guava/guava/18.0/guava-18.0.jar:/home/raghunandangupta/.m2/repository/com/amazonaws/aws-java-sdk/1.11.3/aws-java-sdk-1.11.3.jar:/home/raghunandangupta/.m2/repository/com/amazonaws/aws-java-sdk-support/1.11.3/aws-java-sdk-support-1.11.3.jar:/home/raghunandangupta/.m2/repository/com/amazonaws/aws-java-sdk-simpledb/1.11.3/aws-java-sdk-simpledb-1.11.3.jar:/home/raghunandangupta/.m2/repository/com/amazonaws/aws-java-sdk-simpleworkflow/1.11.3/aw
Launcher Type: SUN_STANDARD

Environment Variables:
PATH=/opt/OpenPrinting-Gutenprint/sbin:/opt/OpenPrinting-Gutenprint/bin:/usr/local/sbin:/usr/local/bin:/usr/sbin:/usr/bin:/sbin:/bin:/usr/games:/usr/local/games:/home/raghunandangupta/PredictionIO/bin
SHELL=/bin/bash
DISPLAY=:0

Signal Handlers:
SIGSEGV: [libjvm.so+0xac4790], sa_mask[0]=11111111011111111101111111111110, sa_flags=SA_RESTART|SA_SIGINFO
SIGBUS: [libjvm.so+0xac4790], sa_mask[0]=11111111011111111101111111111110, sa_flags=SA_RESTART|SA_SIGINFO
SIGFPE: [libjvm.so+0x91f140], sa_mask[0]=11111111011111111101111111111110, sa_flags=SA_RESTART|SA_SIGINFO
SIGPIPE: [libjvm.so+0x91f140], sa_mask[0]=11111111011111111101111111111110, sa_flags=SA_RESTART|SA_SIGINFO
SIGXFSZ: [libjvm.so+0x91f140], sa_mask[0]=11111111011111111101111111111110, sa_flags=SA_RESTART|SA_SIGINFO
SIGILL: [libjvm.so+0x91f140], sa_mask[0]=11111111011111111101111111111110, sa_flags=SA_RESTART|SA_SIGINFO
SIGUSR1: SIG_DFL, sa_mask[0]=00000000000000000000000000000000, sa_flags=none
SIGUSR2: [libjvm.so+0x920770], sa_mask[0]=00100000000000000000000000000000, sa_flags=SA_RESTART|SA_SIGINFO
SIGHUP: [libjvm.so+0x921b70], sa_mask[0]=11111111011111111101111111111110, sa_flags=SA_RESTART|SA_SIGINFO
SIGINT: [libjvm.so+0x921b70], sa_mask[0]=11111111011111111101111111111110, sa_flags=SA_RESTART|SA_SIGINFO
SIGTERM: [libjvm.so+0x921b70], sa_mask[0]=11111111011111111101111111111110, sa_flags=SA_RESTART|SA_SIGINFO
SIGQUIT: [libjvm.so+0x921b70], sa_mask[0]=11111111011111111101111111111110, sa_flags=SA_RESTART|SA_SIGINFO


---------------  S Y S T E M  ---------------

OS:DISTRIB_ID=Ubuntu
DISTRIB_RELEASE=14.04
DISTRIB_CODENAME=trusty
DISTRIB_DESCRIPTION="Ubuntu 14.04.5 LTS"

uname:Linux 3.19.0-25-generic #26~14.04.1-Ubuntu SMP Fri Jul 24 21:16:20 UTC 2015 x86_64
libc:glibc 2.19 NPTL 2.19 
rlimit: STACK 8192k, CORE 0k, NPROC 31418, NOFILE 4096, AS infinity
load average:2.11 0.79 0.58

/proc/meminfo:
MemTotal:        8064520 kB
MemFree:          190180 kB
MemAvailable:     166332 kB
Buffers:            2332 kB
Cached:           467128 kB
SwapCached:            0 kB
Active:          7282856 kB
Inactive:         392464 kB
Active(anon):    7256012 kB
Inactive(anon):   348064 kB
Active(file):      26844 kB
Inactive(file):    44400 kB
Unevictable:          48 kB
Mlocked:              48 kB
SwapTotal:             0 kB
SwapFree:              0 kB
Dirty:               104 kB
Writeback:             0 kB
AnonPages:       7206416 kB
Mapped:           163556 kB
Shmem:            397708 kB
Slab:              87840 kB
SReclaimable:      49992 kB
SUnreclaim:        37848 kB
KernelStack:       10928 kB
PageTables:        51084 kB
NFS_Unstable:          0 kB
Bounce:                0 kB
WritebackTmp:          0 kB
CommitLimit:     4032260 kB
Committed_AS:   11337196 kB
VmallocTotal:   34359738367 kB
VmallocUsed:      362548 kB
VmallocChunk:   34359367644 kB
HardwareCorrupted:     0 kB
AnonHugePages:   2691072 kB
CmaTotal:              0 kB
CmaFree:               0 kB
HugePages_Total:       0
HugePages_Free:        0
HugePages_Rsvd:        0
HugePages_Surp:        0
Hugepagesize:       2048 kB
DirectMap4k:      144552 kB
DirectMap2M:     8132608 kB
DirectMap1G:     1048576 kB


CPU:total 4 (2 cores per cpu, 2 threads per core) family 6 model 61 stepping 4, cmov, cx8, fxsr, mmx, sse, sse2, sse3, ssse3, sse4.1, sse4.2, popcnt, avx, avx2, aes, clmul, erms, rtm, 3dnowpref, lzcnt, ht, tsc, tscinvbit, bmi1, bmi2, adx

/proc/cpuinfo:
processor	: 0
vendor_id	: GenuineIntel
cpu family	: 6
model		: 61
model name	: Intel(R) Core(TM) i5-5300U CPU @ 2.30GHz
stepping	: 4
microcode	: 0x16
cpu MHz		: 2699.984
cache size	: 3072 KB
physical id	: 0
siblings	: 4
core id		: 0
cpu cores	: 2
apicid		: 0
initial apicid	: 0
fpu		: yes
fpu_exception	: yes
cpuid level	: 20
wp		: yes
flags		: fpu vme de pse tsc msr pae mce cx8 apic sep mtrr pge mca cmov pat pse36 clflush dts acpi mmx fxsr sse sse2 ss ht tm pbe syscall nx pdpe1gb rdtscp lm constant_tsc arch_perfmon pebs bts rep_good nopl xtopology nonstop_tsc aperfmperf eagerfpu pni pclmulqdq dtes64 monitor ds_cpl vmx smx est tm2 ssse3 fma cx16 xtpr pdcm pcid sse4_1 sse4_2 x2apic movbe popcnt tsc_deadline_timer aes xsave avx f16c rdrand lahf_lm abm 3dnowprefetch ida arat epb pln pts dtherm tpr_shadow vnmi flexpriority ept vpid fsgsbase tsc_adjust bmi1 hle avx2 smep bmi2 erms invpcid rtm rdseed adx smap xsaveopt
bugs		:
bogomips	: 4589.48
clflush size	: 64
cache_alignment	: 64
address sizes	: 39 bits physical, 48 bits virtual
power management:

processor	: 1
vendor_id	: GenuineIntel
cpu family	: 6
model		: 61
model name	: Intel(R) Core(TM) i5-5300U CPU @ 2.30GHz
stepping	: 4
microcode	: 0x16
cpu MHz		: 2718.492
cache size	: 3072 KB
physical id	: 0
siblings	: 4
core id		: 1
cpu cores	: 2
apicid		: 2
initial apicid	: 2
fpu		: yes
fpu_exception	: yes
cpuid level	: 20
wp		: yes
flags		: fpu vme de pse tsc msr pae mce cx8 apic sep mtrr pge mca cmov pat pse36 clflush dts acpi mmx fxsr sse sse2 ss ht tm pbe syscall nx pdpe1gb rdtscp lm constant_tsc arch_perfmon pebs bts rep_good nopl xtopology nonstop_tsc aperfmperf eagerfpu pni pclmulqdq dtes64 monitor ds_cpl vmx smx est tm2 ssse3 fma cx16 xtpr pdcm pcid sse4_1 sse4_2 x2apic movbe popcnt tsc_deadline_timer aes xsave avx f16c rdrand lahf_lm abm 3dnowprefetch ida arat epb pln pts dtherm tpr_shadow vnmi flexpriority ept vpid fsgsbase tsc_adjust bmi1 hle avx2 smep bmi2 erms invpcid rtm rdseed adx smap xsaveopt
bugs		:
bogomips	: 4589.48
clflush size	: 64
cache_alignment	: 64
address sizes	: 39 bits physical, 48 bits virtual
power management:

processor	: 2
vendor_id	: GenuineIntel
cpu family	: 6
model		: 61
model name	: Intel(R) Core(TM) i5-5300U CPU @ 2.30GHz
stepping	: 4
microcode	: 0x16
cpu MHz		: 2699.984
cache size	: 3072 KB
physical id	: 0
siblings	: 4
core id		: 0
cpu cores	: 2
apicid		: 1
initial apicid	: 1
fpu		: yes
fpu_exception	: yes
cpuid level	: 20
wp		: yes
flags		: fpu vme de pse tsc msr pae mce cx8 apic sep mtrr pge mca cmov pat pse36 clflush dts acpi mmx fxsr sse sse2 ss ht tm pbe syscall nx pdpe1gb rdtscp lm constant_tsc arch_perfmon pebs bts rep_good nopl xtopology nonstop_tsc aperfmperf eagerfpu pni pclmulqdq dtes64 monitor ds_cpl vmx smx est tm2 ssse3 fma cx16 xtpr pdcm pcid sse4_1 sse4_2 x2apic movbe popcnt tsc_deadline_timer aes xsave avx f16c rdrand lahf_lm abm 3dnowprefetch ida arat epb pln pts dtherm tpr_shadow vnmi flexpriority ept vpid fsgsbase tsc_adjust bmi1 hle avx2 smep bmi2 erms invpcid rtm rdseed adx smap xsaveopt
bugs		:
bogomips	: 4589.48
clflush size	: 64
cache_alignment	: 64
address sizes	: 39 bits physical, 48 bits virtual
power management:

processor	: 3
vendor_id	: GenuineIntel
cpu family	: 6
model		: 61
model name	: Intel(R) Core(TM) i5-5300U CPU @ 2.30GHz
stepping	: 4
microcode	: 0x16
cpu MHz		: 2699.984
cache size	: 3072 KB
physical id	: 0
siblings	: 4
core id		: 1
cpu cores	: 2
apicid		: 3
initial apicid	: 3
fpu		: yes
fpu_exception	: yes
cpuid level	: 20
wp		: yes
flags		: fpu vme de pse tsc msr pae mce cx8 apic sep mtrr pge mca cmov pat pse36 clflush dts acpi mmx fxsr sse sse2 ss ht tm pbe syscall nx pdpe1gb rdtscp lm constant_tsc arch_perfmon pebs bts rep_good nopl xtopology nonstop_tsc aperfmperf eagerfpu pni pclmulqdq dtes64 monitor ds_cpl vmx smx est tm2 ssse3 fma cx16 xtpr pdcm pcid sse4_1 sse4_2 x2apic movbe popcnt tsc_deadline_timer aes xsave avx f16c rdrand lahf_lm abm 3dnowprefetch ida arat epb pln pts dtherm tpr_shadow vnmi flexpriority ept vpid fsgsbase tsc_adjust bmi1 hle avx2 smep bmi2 erms invpcid rtm rdseed adx smap xsaveopt
bugs		:
bogomips	: 4589.48
clflush size	: 64
cache_alignment	: 64
address sizes	: 39 bits physical, 48 bits virtual
power management:



Memory: 4k page, physical 8064520k(190180k free), swap 0k(0k free)

vm_info: Java HotSpot(TM) 64-Bit Server VM (25.101-b13) for linux-amd64 JRE (1.8.0_101-b13), built on Jun 22 2016 02:59:44 by "java_re" with gcc 4.3.0 20080428 (Red Hat 4.3.0-8)

time: Mon Nov 28 15:27:42 2016
elapsed time: 15 seconds (0d 0h 0m 15s)

